[0.560s] Invoking command in '/home/shabbir/ros2_ws/src/image_conversion': PYTHONPATH=/home/shabbir/ros2_ws/build/image_conversion/prefix_override:/usr/lib/python3/dist-packages/colcon_core/task/python/colcon_distutils_commands:/home/shabbir/ros2_ws/install/image_conversion/lib/python3.10/site-packages:${PYTHONPATH} /usr/bin/python3 -W ignore:setup.py install is deprecated -W ignore:easy_install command is deprecated setup.py egg_info --egg-base ../../build/image_conversion build --build-base /home/shabbir/ros2_ws/build/image_conversion/build install --record /home/shabbir/ros2_ws/build/image_conversion/install.log --single-version-externally-managed install_data
[0.702s] running egg_info
[0.702s] writing ../../build/image_conversion/image_conversion.egg-info/PKG-INFO
[0.703s] writing dependency_links to ../../build/image_conversion/image_conversion.egg-info/dependency_links.txt
[0.703s] writing entry points to ../../build/image_conversion/image_conversion.egg-info/entry_points.txt
[0.703s] writing requirements to ../../build/image_conversion/image_conversion.egg-info/requires.txt
[0.703s] writing top-level names to ../../build/image_conversion/image_conversion.egg-info/top_level.txt
[0.704s] reading manifest file '../../build/image_conversion/image_conversion.egg-info/SOURCES.txt'
[0.705s] writing manifest file '../../build/image_conversion/image_conversion.egg-info/SOURCES.txt'
[0.705s] running build
[0.705s] running build_py
[0.705s] running install
[0.705s] running install_lib
[0.706s] running install_data
[0.706s] running install_egg_info
[0.708s] removing '/home/shabbir/ros2_ws/install/image_conversion/lib/python3.10/site-packages/image_conversion-0.0.0-py3.10.egg-info' (and everything under it)
[0.708s] Copying ../../build/image_conversion/image_conversion.egg-info to /home/shabbir/ros2_ws/install/image_conversion/lib/python3.10/site-packages/image_conversion-0.0.0-py3.10.egg-info
[0.708s] running install_scripts
[0.721s] Installing image_conversion_node script to /home/shabbir/ros2_ws/install/image_conversion/lib/image_conversion
[0.721s] writing list of installed files to '/home/shabbir/ros2_ws/build/image_conversion/install.log'
[0.751s] Invoked command in '/home/shabbir/ros2_ws/src/image_conversion' returned '0': PYTHONPATH=/home/shabbir/ros2_ws/build/image_conversion/prefix_override:/usr/lib/python3/dist-packages/colcon_core/task/python/colcon_distutils_commands:/home/shabbir/ros2_ws/install/image_conversion/lib/python3.10/site-packages:${PYTHONPATH} /usr/bin/python3 -W ignore:setup.py install is deprecated -W ignore:easy_install command is deprecated setup.py egg_info --egg-base ../../build/image_conversion build --build-base /home/shabbir/ros2_ws/build/image_conversion/build install --record /home/shabbir/ros2_ws/build/image_conversion/install.log --single-version-externally-managed install_data
