running egg_info
writing ../../build/image_conversion/image_conversion.egg-info/PKG-INFO
writing dependency_links to ../../build/image_conversion/image_conversion.egg-info/dependency_links.txt
writing entry points to ../../build/image_conversion/image_conversion.egg-info/entry_points.txt
writing requirements to ../../build/image_conversion/image_conversion.egg-info/requires.txt
writing top-level names to ../../build/image_conversion/image_conversion.egg-info/top_level.txt
reading manifest file '../../build/image_conversion/image_conversion.egg-info/SOURCES.txt'
writing manifest file '../../build/image_conversion/image_conversion.egg-info/SOURCES.txt'
running build
running build_py
copying image_conversion/image_conversion_node.py -> /home/shabbir/ros2_ws/build/image_conversion/build/lib/image_conversion
running install
running install_lib
copying /home/shabbir/ros2_ws/build/image_conversion/build/lib/image_conversion/image_conversion_node.py -> /home/shabbir/ros2_ws/install/image_conversion/lib/python3.10/site-packages/image_conversion
byte-compiling /home/shabbir/ros2_ws/install/image_conversion/lib/python3.10/site-packages/image_conversion/image_conversion_node.py to image_conversion_node.cpython-310.pyc
running install_data
running install_egg_info
removing '/home/shabbir/ros2_ws/install/image_conversion/lib/python3.10/site-packages/image_conversion-0.0.0-py3.10.egg-info' (and everything under it)
Copying ../../build/image_conversion/image_conversion.egg-info to /home/shabbir/ros2_ws/install/image_conversion/lib/python3.10/site-packages/image_conversion-0.0.0-py3.10.egg-info
running install_scripts
Installing image_conversion_node script to /home/shabbir/ros2_ws/install/image_conversion/lib/image_conversion
writing list of installed files to '/home/shabbir/ros2_ws/build/image_conversion/install.log'
