[0.533s] Invoking command in '/home/shabbir/ros2_ws/src/image_conversion': PYTHONPATH=/home/shabbir/ros2_ws/build/image_conversion/prefix_override:/usr/lib/python3/dist-packages/colcon_core/task/python/colcon_distutils_commands:/home/shabbir/ros2_ws/install/image_conversion/lib/python3.10/site-packages:${PYTHONPATH} /usr/bin/python3 -W ignore:setup.py install is deprecated -W ignore:easy_install command is deprecated setup.py egg_info --egg-base ../../build/image_conversion build --build-base /home/shabbir/ros2_ws/build/image_conversion/build install --record /home/shabbir/ros2_ws/build/image_conversion/install.log --single-version-externally-managed install_data
[0.675s] running egg_info
[0.675s] writing ../../build/image_conversion/image_conversion.egg-info/PKG-INFO
[0.675s] writing dependency_links to ../../build/image_conversion/image_conversion.egg-info/dependency_links.txt
[0.675s] writing entry points to ../../build/image_conversion/image_conversion.egg-info/entry_points.txt
[0.675s] writing requirements to ../../build/image_conversion/image_conversion.egg-info/requires.txt
[0.675s] writing top-level names to ../../build/image_conversion/image_conversion.egg-info/top_level.txt
[0.676s] reading manifest file '../../build/image_conversion/image_conversion.egg-info/SOURCES.txt'
[0.676s] writing manifest file '../../build/image_conversion/image_conversion.egg-info/SOURCES.txt'
[0.677s] running build
[0.677s] running build_py
[0.677s] copying image_conversion/image_conversion_node.py -> /home/shabbir/ros2_ws/build/image_conversion/build/lib/image_conversion
[0.677s] running install
[0.677s] running install_lib
[0.677s] copying /home/shabbir/ros2_ws/build/image_conversion/build/lib/image_conversion/image_conversion_node.py -> /home/shabbir/ros2_ws/install/image_conversion/lib/python3.10/site-packages/image_conversion
[0.677s] byte-compiling /home/shabbir/ros2_ws/install/image_conversion/lib/python3.10/site-packages/image_conversion/image_conversion_node.py to image_conversion_node.cpython-310.pyc
[0.678s] running install_data
[0.678s] running install_egg_info
[0.679s] removing '/home/shabbir/ros2_ws/install/image_conversion/lib/python3.10/site-packages/image_conversion-0.0.0-py3.10.egg-info' (and everything under it)
[0.679s] Copying ../../build/image_conversion/image_conversion.egg-info to /home/shabbir/ros2_ws/install/image_conversion/lib/python3.10/site-packages/image_conversion-0.0.0-py3.10.egg-info
[0.680s] running install_scripts
[0.692s] Installing image_conversion_node script to /home/shabbir/ros2_ws/install/image_conversion/lib/image_conversion
[0.692s] writing list of installed files to '/home/shabbir/ros2_ws/build/image_conversion/install.log'
[0.718s] Invoked command in '/home/shabbir/ros2_ws/src/image_conversion' returned '0': PYTHONPATH=/home/shabbir/ros2_ws/build/image_conversion/prefix_override:/usr/lib/python3/dist-packages/colcon_core/task/python/colcon_distutils_commands:/home/shabbir/ros2_ws/install/image_conversion/lib/python3.10/site-packages:${PYTHONPATH} /usr/bin/python3 -W ignore:setup.py install is deprecated -W ignore:easy_install command is deprecated setup.py egg_info --egg-base ../../build/image_conversion build --build-base /home/shabbir/ros2_ws/build/image_conversion/build install --record /home/shabbir/ros2_ws/build/image_conversion/install.log --single-version-externally-managed install_data
