[0.000000] (-) TimerEvent: {}
[0.000459] (dummy_usb_cam) JobQueued: {'identifier': 'dummy_usb_cam', 'dependencies': OrderedDict()}
[0.000538] (image_conversion) JobQueued: {'identifier': 'image_conversion', 'dependencies': OrderedDict()}
[0.000561] (dummy_usb_cam) JobStarted: {'identifier': 'dummy_usb_cam'}
[0.005070] (image_conversion) JobStarted: {'identifier': 'image_conversion'}
[0.100019] (-) TimerEvent: {}
[0.200378] (-) TimerEvent: {}
[0.300767] (-) TimerEvent: {}
[0.401165] (-) TimerEvent: {}
[0.461756] (image_conversion) Command: {'cmd': ['/usr/bin/python3', '-W', 'ignore:setup.py install is deprecated', '-W', 'ignore:easy_install command is deprecated', 'setup.py', 'egg_info', '--egg-base', '../../build/image_conversion', 'build', '--build-base', '/home/shabbir/ros2_ws/build/image_conversion/build', 'install', '--record', '/home/shabbir/ros2_ws/build/image_conversion/install.log', '--single-version-externally-managed', 'install_data'], 'cwd': '/home/shabbir/ros2_ws/src/image_conversion', 'env': {'GJS_DEBUG_TOPICS': 'JS ERROR;JS LOG', 'LANGUAGE': 'en_IN', 'USER': 'shabbir', 'LC_TIME': 'en_IN.UTF-8', 'XDG_SESSION_TYPE': 'x11', 'SHLVL': '1', 'HOME': '/home/shabbir', 'OLDPWD': '/home/shabbir', 'DESKTOP_SESSION': 'ubuntu', 'GIO_LAUNCHED_DESKTOP_FILE': '/usr/share/applications/terminator.desktop', 'GNOME_SHELL_SESSION_MODE': 'ubuntu', 'GTK_MODULES': 'gail:atk-bridge', 'LC_MONETARY': 'en_IN.UTF-8', 'MANAGERPID': '1667', 'SYSTEMD_EXEC_PID': '1993', 'DBUS_SESSION_BUS_ADDRESS': 'unix:path=/run/user/1000/bus', 'COLORTERM': 'truecolor', 'TERMINATOR_DBUS_NAME': 'net.tenshu.Terminator23558193cd9818af7fe4d2c2f5bd9d00f', 'GIO_LAUNCHED_DESKTOP_FILE_PID': '17216', 'GTK_IM_MODULE': 'ibus', 'LOGNAME': 'shabbir', 'JOURNAL_STREAM': '8:19521', '_': '/usr/bin/colcon', 'XDG_SESSION_CLASS': 'user', 'USERNAME': 'shabbir', 'TERM': 'xterm-256color', 'GNOME_DESKTOP_SESSION_ID': 'this-is-deprecated', 'WINDOWPATH': '2', 'PATH': '/home/shabbir/.local/bin:/usr/local/sbin:/usr/local/bin:/usr/sbin:/usr/bin:/sbin:/bin:/usr/games:/usr/local/games:/snap/bin:/snap/bin', 'SESSION_MANAGER': 'local/shabbir:@/tmp/.ICE-unix/1966,unix/shabbir:/tmp/.ICE-unix/1966', 'INVOCATION_ID': 'cf2bd5f1831a47a8936af40ce9e4a182', 'PAPERSIZE': 'a4', 'XDG_MENU_PREFIX': 'gnome-', 'LC_ADDRESS': 'en_IN.UTF-8', 'XDG_RUNTIME_DIR': '/run/user/1000', 'DISPLAY': ':1', 'TERMINATOR_DBUS_PATH': '/net/tenshu/Terminator2', 'LANG': 'en_US.UTF-8', 'XDG_CURRENT_DESKTOP': 'ubuntu:GNOME', 'IBUS_DISABLE_SNOOPER': '1', 'LC_TELEPHONE': 'en_IN.UTF-8', 'XMODIFIERS': '@im=ibus', 'XDG_SESSION_DESKTOP': 'ubuntu', 'XAUTHORITY': '/run/user/1000/gdm/Xauthority', 'SSH_AGENT_LAUNCHER': 'gnome-keyring', 'SSH_AUTH_SOCK': '/run/user/1000/keyring/ssh', 'SHELL': '/bin/bash', 'LC_NAME': 'en_IN.UTF-8', 'TERMINATOR_UUID': 'urn:uuid:80385dc2-c3ba-4e3f-94e5-81b58d51a43a', 'QT_ACCESSIBILITY': '1', 'GDMSESSION': 'ubuntu', 'LC_MEASUREMENT': 'en_IN.UTF-8', 'GPG_AGENT_INFO': '/run/user/1000/gnupg/S.gpg-agent:0:1', 'GJS_DEBUG_OUTPUT': 'stderr', 'LC_IDENTIFICATION': 'en_IN.UTF-8', 'QT_IM_MODULE': 'ibus', 'PWD': '/home/shabbir/ros2_ws/build/image_conversion', 'LC_ALL': 'en_US.UTF-8', 'XDG_CONFIG_DIRS': '/etc/xdg/xdg-ubuntu:/etc/xdg', 'XDG_DATA_DIRS': '/usr/share/ubuntu:/usr/share/gnome:/usr/local/share/:/usr/share/:/var/lib/snapd/desktop', 'LC_NUMERIC': 'en_IN.UTF-8', 'LC_PAPER': 'en_IN.UTF-8', 'COLCON': '1', 'VTE_VERSION': '6800', 'PYTHONPATH': '/home/shabbir/ros2_ws/build/image_conversion/prefix_override:/usr/lib/python3/dist-packages/colcon_core/task/python/colcon_distutils_commands:/home/shabbir/ros2_ws/install/image_conversion/lib/python3.10/site-packages:'}, 'shell': False}
[0.464211] (dummy_usb_cam) Command: {'cmd': ['/usr/bin/python3', '-W', 'ignore:setup.py install is deprecated', '-W', 'ignore:easy_install command is deprecated', 'setup.py', 'egg_info', '--egg-base', '../../build/dummy_usb_cam', 'build', '--build-base', '/home/shabbir/ros2_ws/build/dummy_usb_cam/build', 'install', '--record', '/home/shabbir/ros2_ws/build/dummy_usb_cam/install.log', '--single-version-externally-managed', 'install_data'], 'cwd': '/home/shabbir/ros2_ws/src/dummy_usb_cam', 'env': {'GJS_DEBUG_TOPICS': 'JS ERROR;JS LOG', 'LANGUAGE': 'en_IN', 'USER': 'shabbir', 'LC_TIME': 'en_IN.UTF-8', 'XDG_SESSION_TYPE': 'x11', 'SHLVL': '1', 'HOME': '/home/shabbir', 'OLDPWD': '/home/shabbir', 'DESKTOP_SESSION': 'ubuntu', 'GIO_LAUNCHED_DESKTOP_FILE': '/usr/share/applications/terminator.desktop', 'GNOME_SHELL_SESSION_MODE': 'ubuntu', 'GTK_MODULES': 'gail:atk-bridge', 'LC_MONETARY': 'en_IN.UTF-8', 'MANAGERPID': '1667', 'SYSTEMD_EXEC_PID': '1993', 'DBUS_SESSION_BUS_ADDRESS': 'unix:path=/run/user/1000/bus', 'COLORTERM': 'truecolor', 'TERMINATOR_DBUS_NAME': 'net.tenshu.Terminator23558193cd9818af7fe4d2c2f5bd9d00f', 'GIO_LAUNCHED_DESKTOP_FILE_PID': '17216', 'GTK_IM_MODULE': 'ibus', 'LOGNAME': 'shabbir', 'JOURNAL_STREAM': '8:19521', '_': '/usr/bin/colcon', 'XDG_SESSION_CLASS': 'user', 'USERNAME': 'shabbir', 'TERM': 'xterm-256color', 'GNOME_DESKTOP_SESSION_ID': 'this-is-deprecated', 'WINDOWPATH': '2', 'PATH': '/home/shabbir/.local/bin:/usr/local/sbin:/usr/local/bin:/usr/sbin:/usr/bin:/sbin:/bin:/usr/games:/usr/local/games:/snap/bin:/snap/bin', 'SESSION_MANAGER': 'local/shabbir:@/tmp/.ICE-unix/1966,unix/shabbir:/tmp/.ICE-unix/1966', 'INVOCATION_ID': 'cf2bd5f1831a47a8936af40ce9e4a182', 'PAPERSIZE': 'a4', 'XDG_MENU_PREFIX': 'gnome-', 'LC_ADDRESS': 'en_IN.UTF-8', 'XDG_RUNTIME_DIR': '/run/user/1000', 'DISPLAY': ':1', 'TERMINATOR_DBUS_PATH': '/net/tenshu/Terminator2', 'LANG': 'en_US.UTF-8', 'XDG_CURRENT_DESKTOP': 'ubuntu:GNOME', 'IBUS_DISABLE_SNOOPER': '1', 'LC_TELEPHONE': 'en_IN.UTF-8', 'XMODIFIERS': '@im=ibus', 'XDG_SESSION_DESKTOP': 'ubuntu', 'XAUTHORITY': '/run/user/1000/gdm/Xauthority', 'SSH_AGENT_LAUNCHER': 'gnome-keyring', 'SSH_AUTH_SOCK': '/run/user/1000/keyring/ssh', 'SHELL': '/bin/bash', 'LC_NAME': 'en_IN.UTF-8', 'TERMINATOR_UUID': 'urn:uuid:80385dc2-c3ba-4e3f-94e5-81b58d51a43a', 'QT_ACCESSIBILITY': '1', 'GDMSESSION': 'ubuntu', 'LC_MEASUREMENT': 'en_IN.UTF-8', 'GPG_AGENT_INFO': '/run/user/1000/gnupg/S.gpg-agent:0:1', 'GJS_DEBUG_OUTPUT': 'stderr', 'LC_IDENTIFICATION': 'en_IN.UTF-8', 'QT_IM_MODULE': 'ibus', 'PWD': '/home/shabbir/ros2_ws/build/dummy_usb_cam', 'LC_ALL': 'en_US.UTF-8', 'XDG_CONFIG_DIRS': '/etc/xdg/xdg-ubuntu:/etc/xdg', 'XDG_DATA_DIRS': '/usr/share/ubuntu:/usr/share/gnome:/usr/local/share/:/usr/share/:/var/lib/snapd/desktop', 'LC_NUMERIC': 'en_IN.UTF-8', 'LC_PAPER': 'en_IN.UTF-8', 'COLCON': '1', 'VTE_VERSION': '6800', 'PYTHONPATH': '/home/shabbir/ros2_ws/build/dummy_usb_cam/prefix_override:/usr/lib/python3/dist-packages/colcon_core/task/python/colcon_distutils_commands:/home/shabbir/ros2_ws/install/dummy_usb_cam/lib/python3.10/site-packages:'}, 'shell': False}
[0.501359] (-) TimerEvent: {}
[0.573497] (image_conversion) StdoutLine: {'line': b'running egg_info\n'}
[0.573741] (image_conversion) StdoutLine: {'line': b'writing ../../build/image_conversion/image_conversion.egg-info/PKG-INFO\n'}
[0.573809] (image_conversion) StdoutLine: {'line': b'writing dependency_links to ../../build/image_conversion/image_conversion.egg-info/dependency_links.txt\n'}
[0.573950] (image_conversion) StdoutLine: {'line': b'writing entry points to ../../build/image_conversion/image_conversion.egg-info/entry_points.txt\n'}
[0.574013] (image_conversion) StdoutLine: {'line': b'writing requirements to ../../build/image_conversion/image_conversion.egg-info/requires.txt\n'}
[0.574046] (image_conversion) StdoutLine: {'line': b'writing top-level names to ../../build/image_conversion/image_conversion.egg-info/top_level.txt\n'}
[0.574962] (image_conversion) StdoutLine: {'line': b"reading manifest file '../../build/image_conversion/image_conversion.egg-info/SOURCES.txt'\n"}
[0.575496] (image_conversion) StdoutLine: {'line': b"writing manifest file '../../build/image_conversion/image_conversion.egg-info/SOURCES.txt'\n"}
[0.575569] (image_conversion) StdoutLine: {'line': b'running build\n'}
[0.575602] (image_conversion) StdoutLine: {'line': b'running build_py\n'}
[0.575631] (image_conversion) StdoutLine: {'line': b'running install\n'}
[0.575674] (image_conversion) StdoutLine: {'line': b'running install_lib\n'}
[0.576293] (image_conversion) StdoutLine: {'line': b'running install_data\n'}
[0.576358] (image_conversion) StdoutLine: {'line': b'running install_egg_info\n'}
[0.577218] (dummy_usb_cam) StdoutLine: {'line': b'running egg_info\n'}
[0.577305] (image_conversion) StdoutLine: {'line': b"removing '/home/shabbir/ros2_ws/install/image_conversion/lib/python3.10/site-packages/image_conversion-0.0.0-py3.10.egg-info' (and everything under it)\n"}
[0.577438] (dummy_usb_cam) StdoutLine: {'line': b'writing ../../build/dummy_usb_cam/dummy_usb_cam.egg-info/PKG-INFO\n'}
[0.577504] (image_conversion) StdoutLine: {'line': b'Copying ../../build/image_conversion/image_conversion.egg-info to /home/shabbir/ros2_ws/install/image_conversion/lib/python3.10/site-packages/image_conversion-0.0.0-py3.10.egg-info\n'}
[0.577635] (dummy_usb_cam) StdoutLine: {'line': b'writing dependency_links to ../../build/dummy_usb_cam/dummy_usb_cam.egg-info/dependency_links.txt\n'}
[0.577705] (dummy_usb_cam) StdoutLine: {'line': b'writing entry points to ../../build/dummy_usb_cam/dummy_usb_cam.egg-info/entry_points.txt\n'}
[0.577858] (dummy_usb_cam) StdoutLine: {'line': b'writing requirements to ../../build/dummy_usb_cam/dummy_usb_cam.egg-info/requires.txt\n'}
[0.577903] (dummy_usb_cam) StdoutLine: {'line': b'writing top-level names to ../../build/dummy_usb_cam/dummy_usb_cam.egg-info/top_level.txt\n'}
[0.577932] (image_conversion) StdoutLine: {'line': b'running install_scripts\n'}
[0.578909] (dummy_usb_cam) StdoutLine: {'line': b"reading manifest file '../../build/dummy_usb_cam/dummy_usb_cam.egg-info/SOURCES.txt'\n"}
[0.579374] (dummy_usb_cam) StdoutLine: {'line': b"writing manifest file '../../build/dummy_usb_cam/dummy_usb_cam.egg-info/SOURCES.txt'\n"}
[0.579527] (dummy_usb_cam) StdoutLine: {'line': b'running build\n'}
[0.579676] (dummy_usb_cam) StdoutLine: {'line': b'running build_py\n'}
[0.579721] (dummy_usb_cam) StdoutLine: {'line': b'running install\n'}
[0.579750] (dummy_usb_cam) StdoutLine: {'line': b'running install_lib\n'}
[0.580338] (dummy_usb_cam) StdoutLine: {'line': b'running install_data\n'}
[0.580402] (dummy_usb_cam) StdoutLine: {'line': b'running install_egg_info\n'}
[0.581397] (dummy_usb_cam) StdoutLine: {'line': b"removing '/home/shabbir/ros2_ws/install/dummy_usb_cam/lib/python3.10/site-packages/dummy_usb_cam-0.0.0-py3.10.egg-info' (and everything under it)\n"}
[0.581468] (dummy_usb_cam) StdoutLine: {'line': b'Copying ../../build/dummy_usb_cam/dummy_usb_cam.egg-info to /home/shabbir/ros2_ws/install/dummy_usb_cam/lib/python3.10/site-packages/dummy_usb_cam-0.0.0-py3.10.egg-info\n'}
[0.581812] (dummy_usb_cam) StdoutLine: {'line': b'running install_scripts\n'}
[0.590179] (image_conversion) StdoutLine: {'line': b'Installing image_conversion_node script to /home/shabbir/ros2_ws/install/image_conversion/lib/image_conversion\n'}
[0.590291] (image_conversion) StdoutLine: {'line': b"writing list of installed files to '/home/shabbir/ros2_ws/build/image_conversion/install.log'\n"}
[0.593959] (dummy_usb_cam) StdoutLine: {'line': b'Installing dummy_usb_cam_node script to /home/shabbir/ros2_ws/install/dummy_usb_cam/lib/dummy_usb_cam\n'}
[0.594116] (dummy_usb_cam) StdoutLine: {'line': b"writing list of installed files to '/home/shabbir/ros2_ws/build/dummy_usb_cam/install.log'\n"}
[0.601583] (-) TimerEvent: {}
[0.609829] (image_conversion) CommandEnded: {'returncode': 0}
[0.617819] (image_conversion) JobEnded: {'identifier': 'image_conversion', 'rc': 0}
[0.618851] (dummy_usb_cam) CommandEnded: {'returncode': 0}
[0.621614] (dummy_usb_cam) JobEnded: {'identifier': 'dummy_usb_cam', 'rc': 0}
[0.622051] (-) EventReactorShutdown: {}
