[0.067s] DEBUG:colcon:Command line arguments: ['/usr/bin/colcon', 'build']
[0.067s] DEBUG:colcon:Parsed command line arguments: Namespace(log_base=None, log_level=None, verb_name='build', build_base='build', install_base='install', merge_install=False, symlink_install=False, test_result_base=None, continue_on_error=False, executor='parallel', parallel_workers=12, event_handlers=None, ignore_user_meta=False, metas=['./colcon.meta'], base_paths=['.'], packages_ignore=None, packages_ignore_regex=None, paths=None, packages_up_to=None, packages_up_to_regex=None, packages_above=None, packages_above_and_dependencies=None, packages_above_depth=None, packages_select_by_dep=None, packages_skip_by_dep=None, packages_skip_up_to=None, packages_select_build_failed=False, packages_skip_build_finished=False, packages_select_test_failures=False, packages_skip_test_passed=False, packages_select=None, packages_skip=None, packages_select_regex=None, packages_skip_regex=None, packages_start=None, packages_end=None, allow_overriding=[], cmake_args=None, cmake_target=None, cmake_target_skip_unavailable=False, cmake_clean_cache=False, cmake_clean_first=False, cmake_force_configure=False, ament_cmake_args=None, catkin_cmake_args=None, catkin_skip_building_tests=False, verb_parser=<colcon_defaults.argument_parser.defaults.DefaultArgumentsDecorator object at 0x72db6ad54e20>, verb_extension=<colcon_core.verb.build.BuildVerb object at 0x72db6ad548e0>, main=<bound method BuildVerb.main of <colcon_core.verb.build.BuildVerb object at 0x72db6ad548e0>>)
[0.195s] Level 1:colcon.colcon_core.package_discovery:discover_packages(colcon_meta) check parameters
[0.195s] Level 1:colcon.colcon_core.package_discovery:discover_packages(recursive) check parameters
[0.195s] Level 1:colcon.colcon_core.package_discovery:discover_packages(ignore) check parameters
[0.195s] Level 1:colcon.colcon_core.package_discovery:discover_packages(path) check parameters
[0.195s] Level 1:colcon.colcon_core.package_discovery:discover_packages(colcon_meta) discover
[0.195s] Level 1:colcon.colcon_core.package_discovery:discover_packages(recursive) discover
[0.195s] INFO:colcon.colcon_core.package_discovery:Crawling recursively for packages in '/home/shabbir/ros2_ws'
[0.195s] Level 1:colcon.colcon_core.package_identification:_identify(.) by extensions ['ignore', 'ignore_ament_install']
[0.195s] Level 1:colcon.colcon_core.package_identification:_identify(.) by extension 'ignore'
[0.195s] Level 1:colcon.colcon_core.package_identification:_identify(.) by extension 'ignore_ament_install'
[0.195s] Level 1:colcon.colcon_core.package_identification:_identify(.) by extensions ['colcon_pkg']
[0.195s] Level 1:colcon.colcon_core.package_identification:_identify(.) by extension 'colcon_pkg'
[0.195s] Level 1:colcon.colcon_core.package_identification:_identify(.) by extensions ['colcon_meta']
[0.195s] Level 1:colcon.colcon_core.package_identification:_identify(.) by extension 'colcon_meta'
[0.196s] Level 1:colcon.colcon_core.package_identification:_identify(.) by extensions ['ros']
[0.196s] Level 1:colcon.colcon_core.package_identification:_identify(.) by extension 'ros'
[0.207s] Level 1:colcon.colcon_core.package_identification:_identify(.) by extensions ['cmake', 'python']
[0.207s] Level 1:colcon.colcon_core.package_identification:_identify(.) by extension 'cmake'
[0.207s] Level 1:colcon.colcon_core.package_identification:_identify(.) by extension 'python'
[0.207s] Level 1:colcon.colcon_core.package_identification:_identify(.) by extensions ['python_setup_py']
[0.207s] Level 1:colcon.colcon_core.package_identification:_identify(.) by extension 'python_setup_py'
[0.208s] Level 1:colcon.colcon_core.package_identification:_identify(build) by extensions ['ignore', 'ignore_ament_install']
[0.208s] Level 1:colcon.colcon_core.package_identification:_identify(build) by extension 'ignore'
[0.208s] Level 1:colcon.colcon_core.package_identification:_identify(build) ignored
[0.208s] Level 1:colcon.colcon_core.package_identification:_identify(install) by extensions ['ignore', 'ignore_ament_install']
[0.208s] Level 1:colcon.colcon_core.package_identification:_identify(install) by extension 'ignore'
[0.208s] Level 1:colcon.colcon_core.package_identification:_identify(install) ignored
[0.208s] Level 1:colcon.colcon_core.package_identification:_identify(log) by extensions ['ignore', 'ignore_ament_install']
[0.208s] Level 1:colcon.colcon_core.package_identification:_identify(log) by extension 'ignore'
[0.208s] Level 1:colcon.colcon_core.package_identification:_identify(log) ignored
[0.208s] Level 1:colcon.colcon_core.package_identification:_identify(src) by extensions ['ignore', 'ignore_ament_install']
[0.208s] Level 1:colcon.colcon_core.package_identification:_identify(src) by extension 'ignore'
[0.208s] Level 1:colcon.colcon_core.package_identification:_identify(src) by extension 'ignore_ament_install'
[0.208s] Level 1:colcon.colcon_core.package_identification:_identify(src) by extensions ['colcon_pkg']
[0.208s] Level 1:colcon.colcon_core.package_identification:_identify(src) by extension 'colcon_pkg'
[0.208s] Level 1:colcon.colcon_core.package_identification:_identify(src) by extensions ['colcon_meta']
[0.208s] Level 1:colcon.colcon_core.package_identification:_identify(src) by extension 'colcon_meta'
[0.208s] Level 1:colcon.colcon_core.package_identification:_identify(src) by extensions ['ros']
[0.208s] Level 1:colcon.colcon_core.package_identification:_identify(src) by extension 'ros'
[0.208s] Level 1:colcon.colcon_core.package_identification:_identify(src) by extensions ['cmake', 'python']
[0.208s] Level 1:colcon.colcon_core.package_identification:_identify(src) by extension 'cmake'
[0.208s] Level 1:colcon.colcon_core.package_identification:_identify(src) by extension 'python'
[0.208s] Level 1:colcon.colcon_core.package_identification:_identify(src) by extensions ['python_setup_py']
[0.208s] Level 1:colcon.colcon_core.package_identification:_identify(src) by extension 'python_setup_py'
[0.208s] Level 1:colcon.colcon_core.package_identification:_identify(src/dummy_usb_cam) by extensions ['ignore', 'ignore_ament_install']
[0.208s] Level 1:colcon.colcon_core.package_identification:_identify(src/dummy_usb_cam) by extension 'ignore'
[0.208s] Level 1:colcon.colcon_core.package_identification:_identify(src/dummy_usb_cam) by extension 'ignore_ament_install'
[0.208s] Level 1:colcon.colcon_core.package_identification:_identify(src/dummy_usb_cam) by extensions ['colcon_pkg']
[0.208s] Level 1:colcon.colcon_core.package_identification:_identify(src/dummy_usb_cam) by extension 'colcon_pkg'
[0.208s] Level 1:colcon.colcon_core.package_identification:_identify(src/dummy_usb_cam) by extensions ['colcon_meta']
[0.208s] Level 1:colcon.colcon_core.package_identification:_identify(src/dummy_usb_cam) by extension 'colcon_meta'
[0.208s] Level 1:colcon.colcon_core.package_identification:_identify(src/dummy_usb_cam) by extensions ['ros']
[0.208s] Level 1:colcon.colcon_core.package_identification:_identify(src/dummy_usb_cam) by extension 'ros'
[0.210s] DEBUG:colcon.colcon_core.package_identification:Package 'src/dummy_usb_cam' with type 'ros.ament_python' and name 'dummy_usb_cam'
[0.210s] Level 1:colcon.colcon_core.package_identification:_identify(src/image_conversion) by extensions ['ignore', 'ignore_ament_install']
[0.210s] Level 1:colcon.colcon_core.package_identification:_identify(src/image_conversion) by extension 'ignore'
[0.210s] Level 1:colcon.colcon_core.package_identification:_identify(src/image_conversion) by extension 'ignore_ament_install'
[0.210s] Level 1:colcon.colcon_core.package_identification:_identify(src/image_conversion) by extensions ['colcon_pkg']
[0.210s] Level 1:colcon.colcon_core.package_identification:_identify(src/image_conversion) by extension 'colcon_pkg'
[0.210s] Level 1:colcon.colcon_core.package_identification:_identify(src/image_conversion) by extensions ['colcon_meta']
[0.210s] Level 1:colcon.colcon_core.package_identification:_identify(src/image_conversion) by extension 'colcon_meta'
[0.210s] Level 1:colcon.colcon_core.package_identification:_identify(src/image_conversion) by extensions ['ros']
[0.211s] Level 1:colcon.colcon_core.package_identification:_identify(src/image_conversion) by extension 'ros'
[0.211s] DEBUG:colcon.colcon_core.package_identification:Package 'src/image_conversion' with type 'ros.ament_python' and name 'image_conversion'
[0.211s] Level 1:colcon.colcon_core.package_discovery:discover_packages(recursive) using defaults
[0.211s] Level 1:colcon.colcon_core.package_discovery:discover_packages(ignore) discover
[0.211s] Level 1:colcon.colcon_core.package_discovery:discover_packages(ignore) using defaults
[0.211s] Level 1:colcon.colcon_core.package_discovery:discover_packages(path) discover
[0.211s] Level 1:colcon.colcon_core.package_discovery:discover_packages(path) using defaults
[0.226s] Level 1:colcon.colcon_core.package_discovery:discover_packages(prefix_path) check parameters
[0.226s] Level 1:colcon.colcon_core.package_discovery:discover_packages(prefix_path) discover
[0.227s] DEBUG:colcon.colcon_installed_package_information.package_discovery:Found 2 installed packages in /home/shabbir/ros2_ws/install
[0.228s] DEBUG:colcon.colcon_installed_package_information.package_discovery:Found 415 installed packages in /opt/ros/humble
[0.229s] Level 1:colcon.colcon_core.package_discovery:discover_packages(prefix_path) using defaults
[0.254s] Level 5:colcon.colcon_core.verb:set package 'dummy_usb_cam' build argument 'cmake_args' from command line to 'None'
[0.254s] Level 5:colcon.colcon_core.verb:set package 'dummy_usb_cam' build argument 'cmake_target' from command line to 'None'
[0.254s] Level 5:colcon.colcon_core.verb:set package 'dummy_usb_cam' build argument 'cmake_target_skip_unavailable' from command line to 'False'
[0.254s] Level 5:colcon.colcon_core.verb:set package 'dummy_usb_cam' build argument 'cmake_clean_cache' from command line to 'False'
[0.254s] Level 5:colcon.colcon_core.verb:set package 'dummy_usb_cam' build argument 'cmake_clean_first' from command line to 'False'
[0.254s] Level 5:colcon.colcon_core.verb:set package 'dummy_usb_cam' build argument 'cmake_force_configure' from command line to 'False'
[0.254s] Level 5:colcon.colcon_core.verb:set package 'dummy_usb_cam' build argument 'ament_cmake_args' from command line to 'None'
[0.254s] Level 5:colcon.colcon_core.verb:set package 'dummy_usb_cam' build argument 'catkin_cmake_args' from command line to 'None'
[0.254s] Level 5:colcon.colcon_core.verb:set package 'dummy_usb_cam' build argument 'catkin_skip_building_tests' from command line to 'False'
[0.254s] DEBUG:colcon.colcon_core.verb:Building package 'dummy_usb_cam' with the following arguments: {'ament_cmake_args': None, 'build_base': '/home/shabbir/ros2_ws/build/dummy_usb_cam', 'catkin_cmake_args': None, 'catkin_skip_building_tests': False, 'cmake_args': None, 'cmake_clean_cache': False, 'cmake_clean_first': False, 'cmake_force_configure': False, 'cmake_target': None, 'cmake_target_skip_unavailable': False, 'install_base': '/home/shabbir/ros2_ws/install/dummy_usb_cam', 'merge_install': False, 'path': '/home/shabbir/ros2_ws/src/dummy_usb_cam', 'symlink_install': False, 'test_result_base': None}
[0.254s] Level 5:colcon.colcon_core.verb:set package 'image_conversion' build argument 'cmake_args' from command line to 'None'
[0.254s] Level 5:colcon.colcon_core.verb:set package 'image_conversion' build argument 'cmake_target' from command line to 'None'
[0.254s] Level 5:colcon.colcon_core.verb:set package 'image_conversion' build argument 'cmake_target_skip_unavailable' from command line to 'False'
[0.254s] Level 5:colcon.colcon_core.verb:set package 'image_conversion' build argument 'cmake_clean_cache' from command line to 'False'
[0.254s] Level 5:colcon.colcon_core.verb:set package 'image_conversion' build argument 'cmake_clean_first' from command line to 'False'
[0.254s] Level 5:colcon.colcon_core.verb:set package 'image_conversion' build argument 'cmake_force_configure' from command line to 'False'
[0.254s] Level 5:colcon.colcon_core.verb:set package 'image_conversion' build argument 'ament_cmake_args' from command line to 'None'
[0.254s] Level 5:colcon.colcon_core.verb:set package 'image_conversion' build argument 'catkin_cmake_args' from command line to 'None'
[0.254s] Level 5:colcon.colcon_core.verb:set package 'image_conversion' build argument 'catkin_skip_building_tests' from command line to 'False'
[0.254s] DEBUG:colcon.colcon_core.verb:Building package 'image_conversion' with the following arguments: {'ament_cmake_args': None, 'build_base': '/home/shabbir/ros2_ws/build/image_conversion', 'catkin_cmake_args': None, 'catkin_skip_building_tests': False, 'cmake_args': None, 'cmake_clean_cache': False, 'cmake_clean_first': False, 'cmake_force_configure': False, 'cmake_target': None, 'cmake_target_skip_unavailable': False, 'install_base': '/home/shabbir/ros2_ws/install/image_conversion', 'merge_install': False, 'path': '/home/shabbir/ros2_ws/src/image_conversion', 'symlink_install': False, 'test_result_base': None}
[0.254s] INFO:colcon.colcon_core.executor:Executing jobs using 'parallel' executor
[0.255s] DEBUG:colcon.colcon_parallel_executor.executor.parallel:run_until_complete
[0.255s] INFO:colcon.colcon_ros.task.ament_python.build:Building ROS package in '/home/shabbir/ros2_ws/src/dummy_usb_cam' with build type 'ament_python'
[0.255s] Level 1:colcon.colcon_core.shell:create_environment_hook('dummy_usb_cam', 'ament_prefix_path')
[0.257s] INFO:colcon.colcon_core.plugin_system:Skipping extension 'colcon_core.shell.bat': Not used on non-Windows systems
[0.257s] INFO:colcon.colcon_core.shell:Creating environment hook '/home/shabbir/ros2_ws/install/dummy_usb_cam/share/dummy_usb_cam/hook/ament_prefix_path.ps1'
[0.257s] INFO:colcon.colcon_core.shell:Creating environment descriptor '/home/shabbir/ros2_ws/install/dummy_usb_cam/share/dummy_usb_cam/hook/ament_prefix_path.dsv'
[0.258s] INFO:colcon.colcon_core.shell:Creating environment hook '/home/shabbir/ros2_ws/install/dummy_usb_cam/share/dummy_usb_cam/hook/ament_prefix_path.sh'
[0.258s] INFO:colcon.colcon_core.shell:Skip shell extension 'powershell' for command environment: Not usable outside of PowerShell
[0.258s] DEBUG:colcon.colcon_core.shell:Skip shell extension 'dsv' for command environment
[0.260s] INFO:colcon.colcon_ros.task.ament_python.build:Building ROS package in '/home/shabbir/ros2_ws/src/image_conversion' with build type 'ament_python'
[0.260s] Level 1:colcon.colcon_core.shell:create_environment_hook('image_conversion', 'ament_prefix_path')
[0.261s] INFO:colcon.colcon_core.shell:Creating environment hook '/home/shabbir/ros2_ws/install/image_conversion/share/image_conversion/hook/ament_prefix_path.ps1'
[0.261s] INFO:colcon.colcon_core.shell:Creating environment descriptor '/home/shabbir/ros2_ws/install/image_conversion/share/image_conversion/hook/ament_prefix_path.dsv'
[0.261s] INFO:colcon.colcon_core.shell:Creating environment hook '/home/shabbir/ros2_ws/install/image_conversion/share/image_conversion/hook/ament_prefix_path.sh'
[0.261s] INFO:colcon.colcon_core.shell:Skip shell extension 'powershell' for command environment: Not usable outside of PowerShell
[0.261s] DEBUG:colcon.colcon_core.shell:Skip shell extension 'dsv' for command environment
[0.420s] INFO:colcon.colcon_core.task.python.build:Building Python package in '/home/shabbir/ros2_ws/src/dummy_usb_cam'
[0.420s] INFO:colcon.colcon_core.shell:Skip shell extension 'powershell' for command environment: Not usable outside of PowerShell
[0.420s] DEBUG:colcon.colcon_core.shell:Skip shell extension 'dsv' for command environment
[0.573s] INFO:colcon.colcon_core.task.python.build:Building Python package in '/home/shabbir/ros2_ws/src/image_conversion'
[0.573s] INFO:colcon.colcon_core.shell:Skip shell extension 'powershell' for command environment: Not usable outside of PowerShell
[0.573s] DEBUG:colcon.colcon_core.shell:Skip shell extension 'dsv' for command environment
[0.818s] DEBUG:colcon.colcon_core.event_handler.log_command:Invoking command in '/home/shabbir/ros2_ws/src/dummy_usb_cam': PYTHONPATH=/home/shabbir/ros2_ws/build/dummy_usb_cam/prefix_override:/usr/lib/python3/dist-packages/colcon_core/task/python/colcon_distutils_commands:/home/shabbir/ros2_ws/install/dummy_usb_cam/lib/python3.10/site-packages:${PYTHONPATH} /usr/bin/python3 -W ignore:setup.py install is deprecated -W ignore:easy_install command is deprecated setup.py egg_info --egg-base ../../build/dummy_usb_cam build --build-base /home/shabbir/ros2_ws/build/dummy_usb_cam/build install --record /home/shabbir/ros2_ws/build/dummy_usb_cam/install.log --single-version-externally-managed install_data
[0.820s] DEBUG:colcon.colcon_core.event_handler.log_command:Invoking command in '/home/shabbir/ros2_ws/src/image_conversion': PYTHONPATH=/home/shabbir/ros2_ws/build/image_conversion/prefix_override:/usr/lib/python3/dist-packages/colcon_core/task/python/colcon_distutils_commands:/home/shabbir/ros2_ws/install/image_conversion/lib/python3.10/site-packages:${PYTHONPATH} /usr/bin/python3 -W ignore:setup.py install is deprecated -W ignore:easy_install command is deprecated setup.py egg_info --egg-base ../../build/image_conversion build --build-base /home/shabbir/ros2_ws/build/image_conversion/build install --record /home/shabbir/ros2_ws/build/image_conversion/install.log --single-version-externally-managed install_data
[1.002s] DEBUG:colcon.colcon_core.event_handler.log_command:Invoked command in '/home/shabbir/ros2_ws/src/image_conversion' returned '0': PYTHONPATH=/home/shabbir/ros2_ws/build/image_conversion/prefix_override:/usr/lib/python3/dist-packages/colcon_core/task/python/colcon_distutils_commands:/home/shabbir/ros2_ws/install/image_conversion/lib/python3.10/site-packages:${PYTHONPATH} /usr/bin/python3 -W ignore:setup.py install is deprecated -W ignore:easy_install command is deprecated setup.py egg_info --egg-base ../../build/image_conversion build --build-base /home/shabbir/ros2_ws/build/image_conversion/build install --record /home/shabbir/ros2_ws/build/image_conversion/install.log --single-version-externally-managed install_data
[1.004s] Level 1:colcon.colcon_core.environment:checking '/home/shabbir/ros2_ws/install/image_conversion' for CMake module files
[1.004s] Level 1:colcon.colcon_core.environment:checking '/home/shabbir/ros2_ws/install/image_conversion' for CMake config files
[1.005s] Level 1:colcon.colcon_core.environment:checking '/home/shabbir/ros2_ws/install/image_conversion/lib'
[1.005s] Level 1:colcon.colcon_core.environment:checking '/home/shabbir/ros2_ws/install/image_conversion/bin'
[1.005s] Level 1:colcon.colcon_core.environment:checking '/home/shabbir/ros2_ws/install/image_conversion/lib/pkgconfig/image_conversion.pc'
[1.005s] Level 1:colcon.colcon_core.environment:checking '/home/shabbir/ros2_ws/install/image_conversion/lib/python3.10/site-packages'
[1.005s] Level 1:colcon.colcon_core.shell:create_environment_hook('image_conversion', 'pythonpath')
[1.005s] INFO:colcon.colcon_core.shell:Creating environment hook '/home/shabbir/ros2_ws/install/image_conversion/share/image_conversion/hook/pythonpath.ps1'
[1.006s] INFO:colcon.colcon_core.shell:Creating environment descriptor '/home/shabbir/ros2_ws/install/image_conversion/share/image_conversion/hook/pythonpath.dsv'
[1.006s] INFO:colcon.colcon_core.shell:Creating environment hook '/home/shabbir/ros2_ws/install/image_conversion/share/image_conversion/hook/pythonpath.sh'
[1.006s] Level 1:colcon.colcon_core.environment:checking '/home/shabbir/ros2_ws/install/image_conversion/bin'
[1.006s] Level 1:colcon.colcon_core.environment:create_environment_scripts_only(image_conversion)
[1.007s] INFO:colcon.colcon_core.shell:Creating package script '/home/shabbir/ros2_ws/install/image_conversion/share/image_conversion/package.ps1'
[1.007s] INFO:colcon.colcon_core.shell:Creating package descriptor '/home/shabbir/ros2_ws/install/image_conversion/share/image_conversion/package.dsv'
[1.007s] INFO:colcon.colcon_core.shell:Creating package script '/home/shabbir/ros2_ws/install/image_conversion/share/image_conversion/package.sh'
[1.008s] INFO:colcon.colcon_core.shell:Creating package script '/home/shabbir/ros2_ws/install/image_conversion/share/image_conversion/package.bash'
[1.008s] INFO:colcon.colcon_core.shell:Creating package script '/home/shabbir/ros2_ws/install/image_conversion/share/image_conversion/package.zsh'
[1.009s] Level 1:colcon.colcon_core.environment:create_file_with_runtime_dependencies(/home/shabbir/ros2_ws/install/image_conversion/share/colcon-core/packages/image_conversion)
[1.010s] Level 1:colcon.colcon_core.environment:checking '/home/shabbir/ros2_ws/install/dummy_usb_cam' for CMake module files
[1.010s] DEBUG:colcon.colcon_core.event_handler.log_command:Invoked command in '/home/shabbir/ros2_ws/src/dummy_usb_cam' returned '0': PYTHONPATH=/home/shabbir/ros2_ws/build/dummy_usb_cam/prefix_override:/usr/lib/python3/dist-packages/colcon_core/task/python/colcon_distutils_commands:/home/shabbir/ros2_ws/install/dummy_usb_cam/lib/python3.10/site-packages:${PYTHONPATH} /usr/bin/python3 -W ignore:setup.py install is deprecated -W ignore:easy_install command is deprecated setup.py egg_info --egg-base ../../build/dummy_usb_cam build --build-base /home/shabbir/ros2_ws/build/dummy_usb_cam/build install --record /home/shabbir/ros2_ws/build/dummy_usb_cam/install.log --single-version-externally-managed install_data
[1.011s] Level 1:colcon.colcon_core.environment:checking '/home/shabbir/ros2_ws/install/dummy_usb_cam' for CMake config files
[1.011s] Level 1:colcon.colcon_core.environment:checking '/home/shabbir/ros2_ws/install/dummy_usb_cam/lib'
[1.011s] Level 1:colcon.colcon_core.environment:checking '/home/shabbir/ros2_ws/install/dummy_usb_cam/bin'
[1.011s] Level 1:colcon.colcon_core.environment:checking '/home/shabbir/ros2_ws/install/dummy_usb_cam/lib/pkgconfig/dummy_usb_cam.pc'
[1.012s] Level 1:colcon.colcon_core.environment:checking '/home/shabbir/ros2_ws/install/dummy_usb_cam/lib/python3.10/site-packages'
[1.012s] Level 1:colcon.colcon_core.shell:create_environment_hook('dummy_usb_cam', 'pythonpath')
[1.012s] INFO:colcon.colcon_core.shell:Creating environment hook '/home/shabbir/ros2_ws/install/dummy_usb_cam/share/dummy_usb_cam/hook/pythonpath.ps1'
[1.012s] INFO:colcon.colcon_core.shell:Creating environment descriptor '/home/shabbir/ros2_ws/install/dummy_usb_cam/share/dummy_usb_cam/hook/pythonpath.dsv'
[1.013s] INFO:colcon.colcon_core.shell:Creating environment hook '/home/shabbir/ros2_ws/install/dummy_usb_cam/share/dummy_usb_cam/hook/pythonpath.sh'
[1.013s] Level 1:colcon.colcon_core.environment:checking '/home/shabbir/ros2_ws/install/dummy_usb_cam/bin'
[1.013s] Level 1:colcon.colcon_core.environment:create_environment_scripts_only(dummy_usb_cam)
[1.013s] INFO:colcon.colcon_core.shell:Creating package script '/home/shabbir/ros2_ws/install/dummy_usb_cam/share/dummy_usb_cam/package.ps1'
[1.014s] INFO:colcon.colcon_core.shell:Creating package descriptor '/home/shabbir/ros2_ws/install/dummy_usb_cam/share/dummy_usb_cam/package.dsv'
[1.014s] INFO:colcon.colcon_core.shell:Creating package script '/home/shabbir/ros2_ws/install/dummy_usb_cam/share/dummy_usb_cam/package.sh'
[1.015s] INFO:colcon.colcon_core.shell:Creating package script '/home/shabbir/ros2_ws/install/dummy_usb_cam/share/dummy_usb_cam/package.bash'
[1.015s] INFO:colcon.colcon_core.shell:Creating package script '/home/shabbir/ros2_ws/install/dummy_usb_cam/share/dummy_usb_cam/package.zsh'
[1.015s] Level 1:colcon.colcon_core.environment:create_file_with_runtime_dependencies(/home/shabbir/ros2_ws/install/dummy_usb_cam/share/colcon-core/packages/dummy_usb_cam)
[1.016s] DEBUG:colcon.colcon_parallel_executor.executor.parallel:closing loop
[1.016s] DEBUG:colcon.colcon_parallel_executor.executor.parallel:loop closed
[1.016s] DEBUG:colcon.colcon_parallel_executor.executor.parallel:run_until_complete finished with '0'
[1.016s] DEBUG:colcon.colcon_core.event_reactor:joining thread
[1.020s] INFO:colcon.colcon_core.plugin_system:Skipping extension 'colcon_notification.desktop_notification.terminal_notifier': Not used on non-Darwin systems
[1.020s] INFO:colcon.colcon_core.plugin_system:Skipping extension 'colcon_notification.desktop_notification.win32': Not used on non-Windows systems
[1.020s] INFO:colcon.colcon_notification.desktop_notification:Sending desktop notification using 'notify2'
[1.029s] DEBUG:colcon.colcon_core.event_reactor:joined thread
[1.029s] INFO:colcon.colcon_core.shell:Creating prefix script '/home/shabbir/ros2_ws/install/local_setup.ps1'
[1.031s] INFO:colcon.colcon_core.shell:Creating prefix util module '/home/shabbir/ros2_ws/install/_local_setup_util_ps1.py'
[1.032s] INFO:colcon.colcon_core.shell:Creating prefix chain script '/home/shabbir/ros2_ws/install/setup.ps1'
[1.033s] INFO:colcon.colcon_core.shell:Creating prefix script '/home/shabbir/ros2_ws/install/local_setup.sh'
[1.033s] INFO:colcon.colcon_core.shell:Creating prefix util module '/home/shabbir/ros2_ws/install/_local_setup_util_sh.py'
[1.034s] INFO:colcon.colcon_core.shell:Creating prefix chain script '/home/shabbir/ros2_ws/install/setup.sh'
[1.034s] INFO:colcon.colcon_core.shell:Creating prefix script '/home/shabbir/ros2_ws/install/local_setup.bash'
[1.035s] INFO:colcon.colcon_core.shell:Creating prefix chain script '/home/shabbir/ros2_ws/install/setup.bash'
[1.035s] INFO:colcon.colcon_core.shell:Creating prefix script '/home/shabbir/ros2_ws/install/local_setup.zsh'
[1.035s] INFO:colcon.colcon_core.shell:Creating prefix chain script '/home/shabbir/ros2_ws/install/setup.zsh'
