running egg_info
writing ../../build/dummy_usb_cam/dummy_usb_cam.egg-info/PKG-INFO
writing dependency_links to ../../build/dummy_usb_cam/dummy_usb_cam.egg-info/dependency_links.txt
writing entry points to ../../build/dummy_usb_cam/dummy_usb_cam.egg-info/entry_points.txt
writing requirements to ../../build/dummy_usb_cam/dummy_usb_cam.egg-info/requires.txt
writing top-level names to ../../build/dummy_usb_cam/dummy_usb_cam.egg-info/top_level.txt
reading manifest file '../../build/dummy_usb_cam/dummy_usb_cam.egg-info/SOURCES.txt'
writing manifest file '../../build/dummy_usb_cam/dummy_usb_cam.egg-info/SOURCES.txt'
running build
running build_py
copying dummy_usb_cam/dummy_usb_cam_node.py -> /home/shabbir/ros2_ws/build/dummy_usb_cam/build/lib/dummy_usb_cam
running install
running install_lib
copying /home/shabbir/ros2_ws/build/dummy_usb_cam/build/lib/dummy_usb_cam/dummy_usb_cam_node.py -> /home/shabbir/ros2_ws/install/dummy_usb_cam/lib/python3.10/site-packages/dummy_usb_cam
byte-compiling /home/shabbir/ros2_ws/install/dummy_usb_cam/lib/python3.10/site-packages/dummy_usb_cam/dummy_usb_cam_node.py to dummy_usb_cam_node.cpython-310.pyc
running install_data
running install_egg_info
removing '/home/shabbir/ros2_ws/install/dummy_usb_cam/lib/python3.10/site-packages/dummy_usb_cam-0.0.0-py3.10.egg-info' (and everything under it)
Copying ../../build/dummy_usb_cam/dummy_usb_cam.egg-info to /home/shabbir/ros2_ws/install/dummy_usb_cam/lib/python3.10/site-packages/dummy_usb_cam-0.0.0-py3.10.egg-info
running install_scripts
Installing dummy_usb_cam_node script to /home/shabbir/ros2_ws/install/dummy_usb_cam/lib/dummy_usb_cam
writing list of installed files to '/home/shabbir/ros2_ws/build/dummy_usb_cam/install.log'
